<?xml version="1.0" encoding="UTF-8"?>
<!-- Generated by org.testng.reporters.JUnitReportReporter -->
<testsuite hostname="Nik" failures="0" tests="3" name="com.simplilearn.testNg.PlaceOrder" time="0.629" errors="0" timestamp="2024-01-25T12:41:33 IST" skipped="0">
  <testcase classname="com.simplilearn.testNg.PlaceOrder" name="test_login" time="0.353"/>
  <testcase classname="com.simplilearn.testNg.PlaceOrder" name="test_click_orders" time="0.265"/>
  <testcase classname="com.simplilearn.testNg.PlaceOrder" name="test_getTitle_page" time="0.011"/>
</testsuite> <!-- com.simplilearn.testNg.PlaceOrder -->
