<?xml version="1.0" encoding="UTF-8"?>
<!-- Generated by org.testng.reporters.JUnitReportReporter -->
<testsuite hostname="Nik" failures="0" tests="3" name="com.simplilearn.testNg.AddProductToCart" time="1.017" errors="0" timestamp="2024-01-25T12:41:33 IST" skipped="0">
  <testcase classname="com.simplilearn.testNg.AddProductToCart" name="test_login" time="0.870"/>
  <testcase classname="com.simplilearn.testNg.AddProductToCart" name="test_add_product_to_cart" time="0.075"/>
  <testcase classname="com.simplilearn.testNg.AddProductToCart" name="test_validate_success_message" time="0.072"/>
</testsuite> <!-- com.simplilearn.testNg.AddProductToCart -->
