<?xml version="1.0" encoding="UTF-8"?>
<!-- Generated by org.testng.reporters.JUnitReportReporter -->
<testsuite hostname="Nik" failures="0" tests="4" name="com.simplilearn.testNg.LoginTest" time="1.067" errors="0" timestamp="2024-01-25T12:41:33 IST" skipped="0">
  <testcase classname="com.simplilearn.testNg.LoginTest" name="test_login" time="0.820"/>
  <testcase classname="com.simplilearn.testNg.LoginTest" name="test_getTitle_page" time="0.014"/>
  <testcase classname="com.simplilearn.testNg.LoginTest" name="Test_validate_registration_Text" time="0.055"/>
  <testcase classname="com.simplilearn.testNg.LoginTest" name="test_click_cart" time="0.178"/>
</testsuite> <!-- com.simplilearn.testNg.LoginTest -->
