<?xml version="1.0" encoding="UTF-8"?>
<!-- Generated by org.testng.reporters.JUnitReportReporter -->
<testsuite hostname="Nik" failures="0" tests="3" name="com.simplilearn.testNg.HomePagee" time="1.939" errors="0" timestamp="2024-01-25T12:41:33 IST" skipped="0">
  <testcase classname="com.simplilearn.testNg.HomePagee" name="test_getTitle_page" time="0.014"/>
  <testcase classname="com.simplilearn.testNg.HomePagee" name="Test_Validate_Text_On_Page" time="0.058"/>
  <testcase classname="com.simplilearn.testNg.HomePagee" name="test_click_register_link" time="1.867"/>
</testsuite> <!-- com.simplilearn.testNg.HomePagee -->
